<?xml version="1.0" encoding="UTF-8"?>
<!-- Generated by org.testng.reporters.JUnitReportReporter -->
<testsuite hostname="MBP-0196s-MacBook-Pro.local" failures="0" tests="2" name="DataDrivenExample1" time="1.652" errors="0" timestamp="2022-01-31T07:36:54 ICT" skipped="0">
  <testcase classname="DataDrivenExample1" name="test_post" time="0.030"/>
  <system-out/>
  <testcase classname="DataDrivenExample1" name="test_post" time="1.622"/>
  <system-out/>
</testsuite> <!-- DataDrivenExample1 -->
