<?xml version="1.0" encoding="UTF-8"?>
<!-- Generated by org.testng.reporters.JUnitReportReporter -->
<testsuite hostname="MBP-0196s-MacBook-Pro.local" failures="0" tests="1" name="demo.DataDrivenExample1" time="1.628" errors="0" timestamp="2022-01-31T10:08:37 ICT" skipped="0">
  <testcase classname="demo.DataDrivenExample1" name="test_delete_2" time="1.628"/>
  <system-out/>
</testsuite> <!-- demo.DataDrivenExample1 -->
