<?xml version="1.0" encoding="UTF-8"?>
<!-- Generated by org.testng.reporters.JUnitReportReporter -->
<testsuite hostname="MBP-0196s-MacBook-Pro.local" failures="0" tests="1" name="Tests_GET" time="2.703" errors="0" timestamp="2022-01-30T23:03:55 ICT" skipped="0">
  <testcase classname="Tests_GET" name="test_01" time="2.703"/>
  <system-out/>
</testsuite> <!-- Tests_GET -->
