<?xml version="1.0" encoding="UTF-8"?>
<!-- Generated by org.testng.reporters.JUnitReportReporter -->
<testsuite hostname="MBP-0196s-MacBook-Pro.local" failures="0" tests="1" name="XMLSchemaValidation" time="3.233" errors="0" timestamp="2022-02-03T09:28:12 ICT" skipped="0">
  <testcase classname="XMLSchemaValidation" name="validateXMLSchema" time="3.233"/>
  <system-out/>
</testsuite> <!-- XMLSchemaValidation -->
