<?xml version="1.0" encoding="UTF-8"?>
<!-- Generated by org.testng.reporters.JUnitReportReporter -->
<testsuite hostname="MBP-0196s-MacBook-Pro.local" failures="0" tests="2" name="Test01_GET" time="3.007" errors="0" timestamp="2022-01-30T22:40:24 ICT" skipped="0">
  <testcase classname="Test01_GET" name="test_01" time="2.181"/>
  <system-out/>
  <testcase classname="Test01_GET" name="test_02" time="0.826"/>
  <system-out/>
</testsuite> <!-- Test01_GET -->
