<?xml version="1.0" encoding="UTF-8"?>
<!-- Generated by org.testng.reporters.JUnitReportReporter -->
<testsuite hostname="MBP-0196s-MacBook-Pro.local" failures="0" tests="1" name="Examples" time="1.499" errors="0" timestamp="2022-01-31T06:51:09 ICT" skipped="0">
  <testcase classname="Examples" name="test_delete" time="1.499"/>
  <system-out/>
</testsuite> <!-- Examples -->
