<?xml version="1.0" encoding="UTF-8"?>
<!-- Generated by org.testng.reporters.JUnitReportReporter -->
<testsuite hostname="MBP-0196s-MacBook-Pro.local" failures="0" tests="1" name="SoapXMLRequest" time="3.167" errors="0" timestamp="2022-02-03T08:28:13 ICT" skipped="0">
  <testcase classname="SoapXMLRequest" name="validateSoapXML" time="3.167"/>
  <system-out/>
</testsuite> <!-- SoapXMLRequest -->
